<?xml version="1.0" encoding="UTF-8"?>
<testsuite xmlns:xsi="http://www.w3.org/2001/XMLSchema-instance" xsi:noNamespaceSchemaLocation="https://maven.apache.org/surefire/maven-surefire-plugin/xsd/surefire-test-report-3.0.xsd" version="3.0" name="com.example.vehicle.SeleniumE2ETest" time="3.687" tests="1" errors="0" skipped="1" failures="0">
  <properties>
[...]
</properties>
  <testcase name="testFullScenario" classname="com.example.vehicle.SeleniumE2ETest" time="0.0">
    <skipped message="Requires a local Chrome installation. Enable this test when running in an environment with Chrome."/>
    <system-out><![CDATA[07:00:26.834 [main] INFO org.springframework.test.context.support.AnnotationConfigContextLoaderUtils -- Could not detect default configuration classes for test class [com.example.vehicle.SeleniumE2ETest]: SeleniumE2ETest does not declare any static, non-private, non-final, nested classes annotated with @Configuration.
07:00:26.942 [main] INFO org.springframework.boot.test.context.SpringBootTestContextBootstrapper -- Found @SpringBootConfiguration com.example.vehicle.VehicleControlSystemApplication for test class com.example.vehicle.SeleniumE2ETest
07:00:27.869 [main] INFO io.github.bonigarcia.wdm.WebDriverManager -- Exporting webdriver.chrome.driver as /home/jules/.cache/selenium/chromedriver/linux64/143.0.7499.146/chromedriver

  .   ____          _            __ _ _
 /\\ / ___'_ __ _ _(_)_ __  __ _ \ \ \ \
( ( )\___ | '_ | '_| | '_ \/ _` | \ \ \ \
 \\/  ___)| |_)| | | | | || (_| |  ) ) ) )
  '  |____| .__|_| |_|_| |_\__, | / / / /
 =========|_|==============|___/=/_/_/_/
 :: Spring Boot ::                (v3.2.2)

2025-12-17T07:00:28.230Z  INFO 5479 --- [           main] com.example.vehicle.SeleniumE2ETest      : Starting SeleniumE2ETest using Java 21.0.8 with PID 5479 (started by jules in /app)
2025-12-17T07:00:28.235Z  INFO 5479 --- [           main] com.example.vehicle.SeleniumE2ETest      : No active profile set, falling back to 1 default profile: "default"
2025-12-17T07:00:29.484Z  INFO 5479 --- [           main] o.s.b.w.embedded.tomcat.TomcatWebServer  : Tomcat initialized with port 0 (http)
2025-12-17T07:00:29.500Z  INFO 5479 --- [           main] o.apache.catalina.core.StandardService   : Starting service [Tomcat]
2025-12-17T07:00:29.501Z  INFO 5479 --- [           main] o.apache.catalina.core.StandardEngine    : Starting Servlet engine: [Apache Tomcat/10.1.18]
2025-12-17T07:00:29.572Z  INFO 5479 --- [           main] o.a.c.c.C.[Tomcat].[localhost].[/]       : Initializing Spring embedded WebApplicationContext
2025-12-17T07:00:29.574Z  INFO 5479 --- [           main] w.s.c.ServletWebServerApplicationContext : Root WebApplicationContext: initialization completed in 1298 ms
2025-12-17T07:00:30.229Z  INFO 5479 --- [           main] o.s.b.w.embedded.tomcat.TomcatWebServer  : Tomcat started on port 39523 (http) with context path ''
2025-12-17T07:00:30.242Z  INFO 5479 --- [           main] com.example.vehicle.SeleniumE2ETest      : Started SeleniumE2ETest in 2.298 seconds (process running for 4.516)
]]></system-out>
  </testcase>
</testsuite>